The system is: Windows - 10.0.19045 - AMD64
Compiling the C compiler identification source file "CMakeCCompilerId.c" succeeded.
Compiler:  
Build flags: ;-nologo;-MD;-Brepro
Id flags:  

The output was:
0
Microsoft (R) Build Engine version 16.11.2+f32259642 pour .NET Framework
Copyright (C) Microsoft Corporation. Tous droits réservés.

La génération a démarré 01-11-24 18:09:45.
Projet "D:\Cours\Master 2\Mémoire\git\gRPC-and-QUIC\grpc_http3\target\debug\build\quiche-afd6364b662c0736\out\build\CMakeFiles\3.16.4\CompilerIdC\CompilerIdC.vcxproj" sur le noud 1 (cibles par défaut).
PrepareForBuild:
  Création du répertoire "Debug\".
  Création du répertoire "Debug\CompilerIdC.tlog\".
InitializeBuildStatus:
  Création de "Debug\CompilerIdC.tlog\unsuccessfulbuild", car "AlwaysCreate" a été spécifié.
ClCompile:
  D:\Programme\Microsoft Visual Studio\2019\Community\VC\Tools\MSVC\14.29.30133\bin\HostX64\x64\CL.exe /c /nologo /W0 /WX- /diagnostics:column /Od /D _MBCS /Gm- /EHsc /RTC1 /MDd /GS /fp:precise /Zc:wchar_t /Zc:forScope /Zc:inline /Fo"Debug\\" /Fd"Debug\vc142.pdb" /external:W0 /Gd /TC /FC /errorReport:queue CMakeCCompilerId.c
  CMakeCCompilerId.c
Link:
  D:\Programme\Microsoft Visual Studio\2019\Community\VC\Tools\MSVC\14.29.30133\bin\HostX64\x64\link.exe /ERRORREPORT:QUEUE /OUT:".\CompilerIdC.exe" /INCREMENTAL:NO /NOLOGO kernel32.lib user32.lib gdi32.lib winspool.lib comdlg32.lib advapi32.lib shell32.lib ole32.lib oleaut32.lib uuid.lib odbc32.lib odbccp32.lib /MANIFEST /MANIFESTUAC:"level='asInvoker' uiAccess='false'" /manifest:embed /PDB:".\CompilerIdC.pdb" /SUBSYSTEM:CONSOLE /TLBID:1 /DYNAMICBASE /NXCOMPAT /IMPLIB:".\CompilerIdC.lib" /MACHINE:X64 Debug\CMakeCCompilerId.obj
  CompilerIdC.vcxproj -> D:\Cours\Master 2\Mémoire\git\gRPC-and-QUIC\grpc_http3\target\debug\build\quiche-afd6364b662c0736\out\build\CMakeFiles\3.16.4\CompilerIdC\CompilerIdC.exe
PostBuildEvent:
  for %%i in (cl.exe) do @echo CMAKE_C_COMPILER=%%~$PATH:i
  :VCEnd
  CMAKE_C_COMPILER=D:\Programme\Microsoft Visual Studio\2019\Community\VC\Tools\MSVC\14.29.30133\bin\Hostx64\x64\cl.exe
FinalizeBuildStatus:
  Suppression du fichier "Debug\CompilerIdC.tlog\unsuccessfulbuild".
  Mise à jour de l'horodatage "Debug\CompilerIdC.tlog\CompilerIdC.lastbuildstate".
Génération du projet "D:\Cours\Master 2\Mémoire\git\gRPC-and-QUIC\grpc_http3\target\debug\build\quiche-afd6364b662c0736\out\build\CMakeFiles\3.16.4\CompilerIdC\CompilerIdC.vcxproj" terminée (cibles par défaut).

La génération a réussi.
    0 Avertissement(s)
    0 Erreur(s)

Temps écoulé 00:00:01.31


Compilation of the C compiler identification source "CMakeCCompilerId.c" produced "CompilerIdC.exe"

Compilation of the C compiler identification source "CMakeCCompilerId.c" produced "CompilerIdC.vcxproj"

The C compiler identification is MSVC, found in "D:/Cours/Master 2/Mémoire/git/gRPC-and-QUIC/grpc_http3/target/debug/build/quiche-afd6364b662c0736/out/build/CMakeFiles/3.16.4/CompilerIdC/CompilerIdC.exe"

Compiling the CXX compiler identification source file "CMakeCXXCompilerId.cpp" succeeded.
Compiler:  
Build flags: ;-nologo;-MD;-Brepro
Id flags:  

The output was:
0
Microsoft (R) Build Engine version 16.11.2+f32259642 pour .NET Framework
Copyright (C) Microsoft Corporation. Tous droits réservés.

La génération a démarré 01-11-24 18:09:47.
Projet "D:\Cours\Master 2\Mémoire\git\gRPC-and-QUIC\grpc_http3\target\debug\build\quiche-afd6364b662c0736\out\build\CMakeFiles\3.16.4\CompilerIdCXX\CompilerIdCXX.vcxproj" sur le noud 1 (cibles par défaut).
PrepareForBuild:
  Création du répertoire "Debug\".
  Création du répertoire "Debug\CompilerIdCXX.tlog\".
InitializeBuildStatus:
  Création de "Debug\CompilerIdCXX.tlog\unsuccessfulbuild", car "AlwaysCreate" a été spécifié.
ClCompile:
  D:\Programme\Microsoft Visual Studio\2019\Community\VC\Tools\MSVC\14.29.30133\bin\HostX64\x64\CL.exe /c /nologo /W0 /WX- /diagnostics:column /Od /D _MBCS /Gm- /EHsc /RTC1 /MDd /GS /fp:precise /Zc:wchar_t /Zc:forScope /Zc:inline /Fo"Debug\\" /Fd"Debug\vc142.pdb" /external:W0 /Gd /TP /FC /errorReport:queue CMakeCXXCompilerId.cpp
  CMakeCXXCompilerId.cpp
Link:
  D:\Programme\Microsoft Visual Studio\2019\Community\VC\Tools\MSVC\14.29.30133\bin\HostX64\x64\link.exe /ERRORREPORT:QUEUE /OUT:".\CompilerIdCXX.exe" /INCREMENTAL:NO /NOLOGO kernel32.lib user32.lib gdi32.lib winspool.lib comdlg32.lib advapi32.lib shell32.lib ole32.lib oleaut32.lib uuid.lib odbc32.lib odbccp32.lib /MANIFEST /MANIFESTUAC:"level='asInvoker' uiAccess='false'" /manifest:embed /PDB:".\CompilerIdCXX.pdb" /SUBSYSTEM:CONSOLE /TLBID:1 /DYNAMICBASE /NXCOMPAT /IMPLIB:".\CompilerIdCXX.lib" /MACHINE:X64 Debug\CMakeCXXCompilerId.obj
  CompilerIdCXX.vcxproj -> D:\Cours\Master 2\Mémoire\git\gRPC-and-QUIC\grpc_http3\target\debug\build\quiche-afd6364b662c0736\out\build\CMakeFiles\3.16.4\CompilerIdCXX\CompilerIdCXX.exe
PostBuildEvent:
  for %%i in (cl.exe) do @echo CMAKE_CXX_COMPILER=%%~$PATH:i
  :VCEnd
  CMAKE_CXX_COMPILER=D:\Programme\Microsoft Visual Studio\2019\Community\VC\Tools\MSVC\14.29.30133\bin\Hostx64\x64\cl.exe
FinalizeBuildStatus:
  Suppression du fichier "Debug\CompilerIdCXX.tlog\unsuccessfulbuild".
  Mise à jour de l'horodatage "Debug\CompilerIdCXX.tlog\CompilerIdCXX.lastbuildstate".
Génération du projet "D:\Cours\Master 2\Mémoire\git\gRPC-and-QUIC\grpc_http3\target\debug\build\quiche-afd6364b662c0736\out\build\CMakeFiles\3.16.4\CompilerIdCXX\CompilerIdCXX.vcxproj" terminée (cibles par défaut).

La génération a réussi.
    0 Avertissement(s)
    0 Erreur(s)

Temps écoulé 00:00:02.50


Compilation of the CXX compiler identification source "CMakeCXXCompilerId.cpp" produced "CompilerIdCXX.exe"

Compilation of the CXX compiler identification source "CMakeCXXCompilerId.cpp" produced "CompilerIdCXX.vcxproj"

The CXX compiler identification is MSVC, found in "D:/Cours/Master 2/Mémoire/git/gRPC-and-QUIC/grpc_http3/target/debug/build/quiche-afd6364b662c0736/out/build/CMakeFiles/3.16.4/CompilerIdCXX/CompilerIdCXX.exe"

Determining if the C compiler works passed with the following output:
Change Dir: D:/Cours/Master 2/Mémoire/git/gRPC-and-QUIC/grpc_http3/target/debug/build/quiche-afd6364b662c0736/out/build/CMakeFiles/CMakeTmp

Run Build Command(s):D:/Programme/Microsoft Visual Studio/2019/Community/MSBuild/Current/Bin/MSBuild.exe cmTC_0a1cc.vcxproj /p:Configuration=Debug /p:Platform=x64 /p:VisualStudioVersion=16.0 /v:m && Microsoft (R) Build Engine version 16.11.2+f32259642 pour .NET Framework
Copyright (C) Microsoft Corporation. Tous droits réservés.

  testCCompiler.c
  cmTC_0a1cc.vcxproj -> D:\Cours\Master 2\Mémoire\git\gRPC-and-QUIC\grpc_http3\target\debug\build\quiche-afd6364b662c0736\out\build\CMakeFiles\CMakeTmp\Debug\cmTC_0a1cc.exe



Detecting C compiler ABI info compiled with the following output:
Change Dir: D:/Cours/Master 2/Mémoire/git/gRPC-and-QUIC/grpc_http3/target/debug/build/quiche-afd6364b662c0736/out/build/CMakeFiles/CMakeTmp

Run Build Command(s):D:/Programme/Microsoft Visual Studio/2019/Community/MSBuild/Current/Bin/MSBuild.exe cmTC_ac5c0.vcxproj /p:Configuration=Debug /p:Platform=x64 /p:VisualStudioVersion=16.0 /v:m && Microsoft (R) Build Engine version 16.11.2+f32259642 pour .NET Framework
Copyright (C) Microsoft Corporation. Tous droits réservés.

  CMakeCCompilerABI.c
  cmTC_ac5c0.vcxproj -> D:\Cours\Master 2\Mémoire\git\gRPC-and-QUIC\grpc_http3\target\debug\build\quiche-afd6364b662c0736\out\build\CMakeFiles\CMakeTmp\Debug\cmTC_ac5c0.exe



Determining if the CXX compiler works passed with the following output:
Change Dir: D:/Cours/Master 2/Mémoire/git/gRPC-and-QUIC/grpc_http3/target/debug/build/quiche-afd6364b662c0736/out/build/CMakeFiles/CMakeTmp

Run Build Command(s):D:/Programme/Microsoft Visual Studio/2019/Community/MSBuild/Current/Bin/MSBuild.exe cmTC_2b349.vcxproj /p:Configuration=Debug /p:Platform=x64 /p:VisualStudioVersion=16.0 /v:m && Microsoft (R) Build Engine version 16.11.2+f32259642 pour .NET Framework
Copyright (C) Microsoft Corporation. Tous droits réservés.

  testCXXCompiler.cxx
  cmTC_2b349.vcxproj -> D:\Cours\Master 2\Mémoire\git\gRPC-and-QUIC\grpc_http3\target\debug\build\quiche-afd6364b662c0736\out\build\CMakeFiles\CMakeTmp\Debug\cmTC_2b349.exe



Detecting CXX compiler ABI info compiled with the following output:
Change Dir: D:/Cours/Master 2/Mémoire/git/gRPC-and-QUIC/grpc_http3/target/debug/build/quiche-afd6364b662c0736/out/build/CMakeFiles/CMakeTmp

Run Build Command(s):D:/Programme/Microsoft Visual Studio/2019/Community/MSBuild/Current/Bin/MSBuild.exe cmTC_285e3.vcxproj /p:Configuration=Debug /p:Platform=x64 /p:VisualStudioVersion=16.0 /v:m && Microsoft (R) Build Engine version 16.11.2+f32259642 pour .NET Framework
Copyright (C) Microsoft Corporation. Tous droits réservés.

  CMakeCXXCompilerABI.cpp
  cmTC_285e3.vcxproj -> D:\Cours\Master 2\Mémoire\git\gRPC-and-QUIC\grpc_http3\target\debug\build\quiche-afd6364b662c0736\out\build\CMakeFiles\CMakeTmp\Debug\cmTC_285e3.exe



Checking whether the ASM_NASM compiler is NASM using "-v" matched "(NASM version)":
NASM version 2.16.03 compiled on Apr 17 2024
